<?xml version="1.0" encoding="UTF-8"?>
<coverage generated="1743517474933" clover="3.2.0">
  <project timestamp="1743517474934" name="All files">
    <metrics statements="245" coveredstatements="230" conditionals="82" coveredconditionals="66" methods="78" coveredmethods="67" elements="405" coveredelements="363" complexity="0" loc="245" ncloc="245" packages="4" files="8" classes="8"/>
    <package name="app">
      <metrics statements="4" coveredstatements="4" conditionals="0" coveredconditionals="0" methods="2" coveredmethods="2"/>
      <file name="information.tsx" path="C:\Users\alexio\Desktop\bisindo\app\information.tsx">
        <metrics statements="4" coveredstatements="4" conditionals="0" coveredconditionals="0" methods="2" coveredmethods="2"/>
        <line num="7" count="10" type="stmt"/>
        <line num="9" count="10" type="stmt"/>
        <line num="33" count="1" type="stmt"/>
        <line num="43" count="1" type="stmt"/>
      </file>
    </package>
    <package name="app.(tabs)">
      <metrics statements="11" coveredstatements="10" conditionals="4" coveredconditionals="3" methods="6" coveredmethods="5"/>
      <file name="alphabet.tsx" path="C:\Users\alexio\Desktop\bisindo\app\(tabs)\alphabet.tsx">
        <metrics statements="11" coveredstatements="10" conditionals="4" coveredconditionals="3" methods="6" coveredmethods="5"/>
        <line num="6" count="1" type="stmt"/>
        <line num="36" count="8" type="stmt"/>
        <line num="37" count="8" type="stmt"/>
        <line num="38" count="8" type="stmt"/>
        <line num="39" count="8" type="stmt"/>
        <line num="43" count="208" type="stmt"/>
        <line num="45" count="2" type="stmt"/>
        <line num="46" count="208" type="stmt"/>
        <line num="67" count="0" type="stmt"/>
        <line num="72" count="1" type="stmt"/>
        <line num="91" count="1" type="stmt"/>
      </file>
    </package>
    <package name="app.(tabs).(quiz)">
      <metrics statements="125" coveredstatements="118" conditionals="40" coveredconditionals="31" methods="36" coveredmethods="31"/>
      <file name="category.tsx" path="C:\Users\alexio\Desktop\bisindo\app\(tabs)\(quiz)\category.tsx">
        <metrics statements="98" coveredstatements="91" conditionals="34" coveredconditionals="26" methods="28" coveredmethods="23"/>
        <line num="20" count="1" type="stmt"/>
        <line num="21" count="24" type="stmt"/>
        <line num="24" count="1" type="stmt"/>
        <line num="25" count="13" type="stmt"/>
        <line num="26" count="13" type="stmt"/>
        <line num="27" count="13" type="cond" truecount="1" falsecount="1"/>
        <line num="30" count="1" type="stmt"/>
        <line num="31" count="11" type="stmt"/>
        <line num="32" count="11" type="stmt"/>
        <line num="35" count="1" type="stmt"/>
        <line num="36" count="1" type="stmt"/>
        <line num="39" count="1" type="stmt"/>
        <line num="44" count="1" type="stmt"/>
        <line num="49" count="0" type="cond" truecount="0" falsecount="2"/>
        <line num="50" count="0" type="stmt"/>
        <line num="52" count="0" type="cond" truecount="0" falsecount="2"/>
        <line num="53" count="0" type="stmt"/>
        <line num="57" count="926" type="stmt"/>
        <line num="58" count="926" type="stmt"/>
        <line num="59" count="926" type="stmt"/>
        <line num="60" count="926" type="stmt"/>
        <line num="61" count="926" type="stmt"/>
        <line num="62" count="926" type="stmt"/>
        <line num="63" count="926" type="stmt"/>
        <line num="64" count="926" type="stmt"/>
        <line num="65" count="926" type="stmt"/>
        <line num="66" count="926" type="stmt"/>
        <line num="67" count="926" type="stmt"/>
        <line num="68" count="926" type="stmt"/>
        <line num="69" count="926" type="stmt"/>
        <line num="71" count="926" type="stmt"/>
        <line num="72" count="926" type="stmt"/>
        <line num="73" count="926" type="stmt"/>
        <line num="74" count="926" type="stmt"/>
        <line num="75" count="926" type="stmt"/>
        <line num="76" count="926" type="stmt"/>
        <line num="78" count="926" type="stmt"/>
        <line num="80" count="926" type="stmt"/>
        <line num="81" count="13" type="stmt"/>
        <line num="82" count="13" type="stmt"/>
        <line num="86" count="926" type="stmt"/>
        <line num="87" count="13" type="stmt"/>
        <line num="90" count="443" type="stmt"/>
        <line num="91" count="443" type="stmt"/>
        <line num="92" count="443" type="stmt"/>
        <line num="94" count="443" type="stmt"/>
        <line num="95" count="443" type="stmt"/>
        <line num="99" count="0" type="stmt"/>
        <line num="105" count="13" type="stmt"/>
        <line num="106" count="13" type="stmt"/>
        <line num="110" count="926" type="stmt"/>
        <line num="111" count="922" type="stmt"/>
        <line num="114" count="926" type="stmt"/>
        <line num="115" count="26" type="cond" truecount="2" falsecount="0"/>
        <line num="116" count="11" type="stmt"/>
        <line num="117" count="11" type="stmt"/>
        <line num="121" count="926" type="stmt"/>
        <line num="122" count="14" type="stmt"/>
        <line num="126" count="926" type="stmt"/>
        <line num="127" count="456" type="cond" truecount="2" falsecount="0"/>
        <line num="129" count="6" type="stmt"/>
        <line num="132" count="450" type="stmt"/>
        <line num="134" count="450" type="cond" truecount="4" falsecount="0"/>
        <line num="135" count="3" type="stmt"/>
        <line num="137" count="450" type="cond" truecount="2" falsecount="0"/>
        <line num="138" count="399" type="stmt"/>
        <line num="139" count="399" type="cond" truecount="2" falsecount="0"/>
        <line num="140" count="55" type="cond" truecount="1" falsecount="1"/>
        <line num="141" count="55" type="stmt"/>
        <line num="142" count="55" type="cond" truecount="2" falsecount="0"/>
        <line num="143" count="12" type="stmt"/>
        <line num="144" count="12" type="stmt"/>
        <line num="145" count="12" type="stmt"/>
        <line num="148" count="55" type="stmt"/>
        <line num="151" count="51" type="stmt"/>
        <line num="153" count="450" type="stmt"/>
        <line num="156" count="926" type="stmt"/>
        <line num="157" count="922" type="stmt"/>
        <line num="160" count="926" type="stmt"/>
        <line num="162" count="0" type="stmt"/>
        <line num="163" count="0" type="stmt"/>
        <line num="167" count="926" type="cond" truecount="2" falsecount="0"/>
        <line num="168" count="3" type="stmt"/>
        <line num="171" count="923" type="cond" truecount="2" falsecount="0"/>
        <line num="172" count="3" type="stmt"/>
        <line num="175" count="920" type="cond" truecount="1" falsecount="1"/>
        <line num="177" count="920" type="stmt"/>
        <line num="179" count="920" type="cond" truecount="2" falsecount="0"/>
        <line num="180" count="12" type="stmt"/>
        <line num="187" count="1" type="stmt"/>
        <line num="188" count="1" type="stmt"/>
        <line num="189" count="1" type="stmt"/>
        <line num="193" count="1" type="stmt"/>
        <line num="201" count="908" type="stmt"/>
        <line num="219" count="4330" type="stmt"/>
        <line num="251" count="1" type="stmt"/>
        <line num="255" count="1" type="cond" truecount="1" falsecount="1"/>
        <line num="264" count="1" type="stmt"/>
      </file>
      <file name="categoryhelp.tsx" path="C:\Users\alexio\Desktop\bisindo\app\(tabs)\(quiz)\categoryhelp.tsx">
        <metrics statements="4" coveredstatements="4" conditionals="0" coveredconditionals="0" methods="1" coveredmethods="1"/>
        <line num="5" count="1" type="stmt"/>
        <line num="6" count="5" type="stmt"/>
        <line num="8" count="5" type="stmt"/>
        <line num="23" count="1" type="stmt"/>
      </file>
      <file name="index.tsx" path="C:\Users\alexio\Desktop\bisindo\app\(tabs)\(quiz)\index.tsx">
        <metrics statements="23" coveredstatements="23" conditionals="6" coveredconditionals="5" methods="7" coveredmethods="7"/>
        <line num="9" count="1" type="stmt"/>
        <line num="10" count="42" type="stmt"/>
        <line num="13" count="1" type="stmt"/>
        <line num="14" count="42" type="stmt"/>
        <line num="15" count="42" type="stmt"/>
        <line num="16" count="42" type="cond" truecount="1" falsecount="1"/>
        <line num="19" count="1" type="stmt"/>
        <line num="30" count="11" type="stmt"/>
        <line num="40" count="11" type="stmt"/>
        <line num="85" count="11" type="stmt"/>
        <line num="87" count="11" type="stmt"/>
        <line num="88" count="6" type="stmt"/>
        <line num="89" count="6" type="stmt"/>
        <line num="90" count="42" type="stmt"/>
        <line num="91" count="42" type="stmt"/>
        <line num="93" count="6" type="stmt"/>
        <line num="96" count="11" type="stmt"/>
        <line num="97" count="5" type="stmt"/>
        <line num="100" count="11" type="stmt"/>
        <line num="101" count="1" type="stmt"/>
        <line num="104" count="11" type="stmt"/>
        <line num="112" count="77" type="stmt"/>
        <line num="137" count="1" type="stmt"/>
      </file>
    </package>
    <package name="app.(tabs).(translation)">
      <metrics statements="105" coveredstatements="98" conditionals="38" coveredconditionals="32" methods="34" coveredmethods="29"/>
      <file name="camera.tsx" path="C:\Users\alexio\Desktop\bisindo\app\(tabs)\(translation)\camera.tsx">
        <metrics statements="70" coveredstatements="63" conditionals="26" coveredconditionals="20" methods="22" coveredmethods="17"/>
        <line num="19" count="1" type="stmt"/>
        <line num="22" count="1" type="stmt"/>
        <line num="25" count="1" type="stmt"/>
        <line num="33" count="0" type="cond" truecount="0" falsecount="2"/>
        <line num="34" count="0" type="stmt"/>
        <line num="36" count="0" type="cond" truecount="0" falsecount="2"/>
        <line num="37" count="0" type="stmt"/>
        <line num="43" count="789" type="stmt"/>
        <line num="44" count="789" type="stmt"/>
        <line num="45" count="789" type="stmt"/>
        <line num="46" count="789" type="stmt"/>
        <line num="47" count="789" type="stmt"/>
        <line num="48" count="789" type="stmt"/>
        <line num="49" count="789" type="stmt"/>
        <line num="50" count="789" type="stmt"/>
        <line num="51" count="789" type="stmt"/>
        <line num="52" count="789" type="stmt"/>
        <line num="53" count="789" type="stmt"/>
        <line num="55" count="789" type="stmt"/>
        <line num="56" count="789" type="stmt"/>
        <line num="57" count="789" type="stmt"/>
        <line num="59" count="789" type="stmt"/>
        <line num="64" count="789" type="stmt"/>
        <line num="66" count="2" type="cond" truecount="2" falsecount="0"/>
        <line num="67" count="1" type="stmt"/>
        <line num="69" count="1" type="stmt"/>
        <line num="76" count="1" type="stmt"/>
        <line num="80" count="789" type="stmt"/>
        <line num="82" count="13" type="stmt"/>
        <line num="85" count="379" type="stmt"/>
        <line num="86" count="379" type="stmt"/>
        <line num="91" count="379" type="stmt"/>
        <line num="93" count="379" type="stmt"/>
        <line num="94" count="379" type="stmt"/>
        <line num="98" count="0" type="stmt"/>
        <line num="106" count="13" type="stmt"/>
        <line num="107" count="13" type="stmt"/>
        <line num="113" count="789" type="stmt"/>
        <line num="118" count="392" type="cond" truecount="2" falsecount="0"/>
        <line num="119" count="64" type="cond" truecount="2" falsecount="0"/>
        <line num="120" count="57" type="stmt"/>
        <line num="121" count="57" type="cond" truecount="4" falsecount="0"/>
        <line num="122" count="7" type="stmt"/>
        <line num="123" count="7" type="stmt"/>
        <line num="124" count="7" type="stmt"/>
        <line num="128" count="7" type="stmt"/>
        <line num="132" count="328" type="cond" truecount="2" falsecount="0"/>
        <line num="133" count="292" type="stmt"/>
        <line num="134" count="292" type="cond" truecount="2" falsecount="0"/>
        <line num="135" count="37" type="stmt"/>
        <line num="136" count="37" type="stmt"/>
        <line num="140" count="36" type="stmt"/>
        <line num="144" count="392" type="stmt"/>
        <line num="147" count="789" type="stmt"/>
        <line num="148" count="14" type="stmt"/>
        <line num="152" count="789" type="stmt"/>
        <line num="153" count="789" type="stmt"/>
        <line num="157" count="789" type="stmt"/>
        <line num="161" count="0" type="stmt"/>
        <line num="162" count="0" type="stmt"/>
        <line num="166" count="789" type="cond" truecount="2" falsecount="0"/>
        <line num="167" count="2" type="stmt"/>
        <line num="170" count="787" type="cond" truecount="2" falsecount="0"/>
        <line num="171" count="2" type="stmt"/>
        <line num="174" count="785" type="cond" truecount="1" falsecount="1"/>
        <line num="176" count="785" type="stmt"/>
        <line num="211" count="1" type="stmt"/>
        <line num="215" count="1" type="stmt"/>
        <line num="223" count="1" type="cond" truecount="1" falsecount="1"/>
        <line num="232" count="1" type="stmt"/>
      </file>
      <file name="camerahelp.tsx" path="C:\Users\alexio\Desktop\bisindo\app\(tabs)\(translation)\camerahelp.tsx">
        <metrics statements="4" coveredstatements="4" conditionals="0" coveredconditionals="0" methods="1" coveredmethods="1"/>
        <line num="5" count="1" type="stmt"/>
        <line num="6" count="5" type="stmt"/>
        <line num="8" count="5" type="stmt"/>
        <line num="24" count="1" type="stmt"/>
      </file>
      <file name="index.tsx" path="C:\Users\alexio\Desktop\bisindo\app\(tabs)\(translation)\index.tsx">
        <metrics statements="31" coveredstatements="31" conditionals="12" coveredconditionals="12" methods="11" coveredmethods="11"/>
        <line num="11" count="1" type="stmt"/>
        <line num="41" count="41" type="stmt"/>
        <line num="42" count="41" type="stmt"/>
        <line num="43" count="41" type="stmt"/>
        <line num="44" count="41" type="stmt"/>
        <line num="46" count="41" type="stmt"/>
        <line num="47" count="25" type="cond" truecount="2" falsecount="0"/>
        <line num="48" count="19" type="stmt"/>
        <line num="51" count="41" type="stmt"/>
        <line num="52" count="41" type="stmt"/>
        <line num="53" count="41" type="stmt"/>
        <line num="54" count="1" type="stmt"/>
        <line num="56" count="41" type="stmt"/>
        <line num="57" count="1" type="stmt"/>
        <line num="60" count="41" type="stmt"/>
        <line num="61" count="5" type="stmt"/>
        <line num="62" count="5" type="cond" truecount="2" falsecount="0"/>
        <line num="63" count="1" type="stmt"/>
        <line num="64" count="1" type="stmt"/>
        <line num="67" count="4" type="stmt"/>
        <line num="70" count="4" type="stmt"/>
        <line num="80" count="41" type="stmt"/>
        <line num="81" count="1" type="stmt"/>
        <line num="84" count="41" type="stmt"/>
        <line num="85" count="2" type="cond" truecount="2" falsecount="0"/>
        <line num="86" count="1" type="stmt"/>
        <line num="88" count="1" type="stmt"/>
        <line num="95" count="1" type="stmt"/>
        <line num="99" count="41" type="stmt"/>
        <line num="110" count="25" type="cond" truecount="2" falsecount="0"/>
        <line num="151" count="1" type="stmt"/>
      </file>
    </package>
  </project>
</coverage>
