{"C:\\Users\\alexio\\Desktop\\bisindo\\app\\information.tsx": {"path":"C:\\Users\\alexio\\Desktop\\bisindo\\app\\information.tsx","statementMap":{"0":{"start":{"line":7,"column":16},"end":{"line":7,"column":32}},"1":{"start":{"line":9,"column":2},"end":{"line":40,"column":4}},"2":{"start":{"line":33,"column":49},"end":{"line":33,"column":88}},"3":{"start":{"line":43,"column":15},"end":{"line":86,"column":2}}},"fnMap":{"0":{"name":"InformationScreen","decl":{"start":{"line":6,"column":24},"end":{"line":6,"column":41}},"loc":{"start":{"line":6,"column":44},"end":{"line":41,"column":1}},"line":6},"1":{"name":"(anonymous_1)","decl":{"start":{"line":33,"column":43},"end":{"line":33,"column":44}},"loc":{"start":{"line":33,"column":49},"end":{"line":33,"column":88}},"line":33}},"branchMap":{},"s":{"0":10,"1":10,"2":1,"3":1},"f":{"0":10,"1":1},"b":{},"_coverageSchema":"1a1c01bbd47fc00a2c39e90264f33305004495a9","hash":"fcf25e9920e246b57d52ca16ddcdc46dbcea4edc"}
,"C:\\Users\\alexio\\Desktop\\bisindo\\app\\(tabs)\\alphabet.tsx": {"path":"C:\\Users\\alexio\\Desktop\\bisindo\\app\\(tabs)\\alphabet.tsx","statementMap":{"0":{"start":{"line":6,"column":39},"end":{"line":33,"column":1}},"1":{"start":{"line":36,"column":44},"end":{"line":36,"column":73}},"2":{"start":{"line":37,"column":22},"end":{"line":37,"column":52}},"3":{"start":{"line":38,"column":20},"end":{"line":38,"column":56}},"4":{"start":{"line":39,"column":2},"end":{"line":88,"column":4}},"5":{"start":{"line":43,"column":10},"end":{"line":58,"column":22}},"6":{"start":{"line":45,"column":27},"end":{"line":45,"column":51}},"7":{"start":{"line":46,"column":36},"end":{"line":49,"column":13}},"8":{"start":{"line":67,"column":30},"end":{"line":67,"column":52}},"9":{"start":{"line":72,"column":27},"end":{"line":72,"column":49}},"10":{"start":{"line":91,"column":15},"end":{"line":151,"column":2}}},"fnMap":{"0":{"name":"AlphabetScreen","decl":{"start":{"line":35,"column":24},"end":{"line":35,"column":38}},"loc":{"start":{"line":35,"column":41},"end":{"line":89,"column":1}},"line":35},"1":{"name":"(anonymous_1)","decl":{"start":{"line":42,"column":33},"end":{"line":42,"column":34}},"loc":{"start":{"line":43,"column":10},"end":{"line":58,"column":22}},"line":43},"2":{"name":"(anonymous_2)","decl":{"start":{"line":45,"column":21},"end":{"line":45,"column":22}},"loc":{"start":{"line":45,"column":27},"end":{"line":45,"column":51}},"line":45},"3":{"name":"(anonymous_3)","decl":{"start":{"line":46,"column":19},"end":{"line":46,"column":20}},"loc":{"start":{"line":46,"column":36},"end":{"line":49,"column":13}},"line":46},"4":{"name":"(anonymous_4)","decl":{"start":{"line":67,"column":24},"end":{"line":67,"column":25}},"loc":{"start":{"line":67,"column":30},"end":{"line":67,"column":52}},"line":67},"5":{"name":"(anonymous_5)","decl":{"start":{"line":72,"column":21},"end":{"line":72,"column":22}},"loc":{"start":{"line":72,"column":27},"end":{"line":72,"column":49}},"line":72}},"branchMap":{"0":{"loc":{"start":{"line":48,"column":14},"end":{"line":48,"column":43}},"type":"binary-expr","locations":[{"start":{"line":48,"column":14},"end":{"line":48,"column":21}},{"start":{"line":48,"column":25},"end":{"line":48,"column":43}}],"line":48},"1":{"loc":{"start":{"line":74,"column":13},"end":{"line":83,"column":13}},"type":"binary-expr","locations":[{"start":{"line":74,"column":13},"end":{"line":74,"column":26}},{"start":{"line":75,"column":14},"end":{"line":82,"column":17}}],"line":74}},"s":{"0":1,"1":8,"2":8,"3":8,"4":8,"5":208,"6":2,"7":208,"8":0,"9":1,"10":1},"f":{"0":8,"1":208,"2":2,"3":208,"4":0,"5":1},"b":{"0":[208,0],"1":[8,2]},"_coverageSchema":"1a1c01bbd47fc00a2c39e90264f33305004495a9","hash":"e5e32b41beb3cc2a73e08c95b1f89511c123bb25"}
,"C:\\Users\\alexio\\Desktop\\bisindo\\app\\(tabs)\\(quiz)\\category.tsx": {"path":"C:\\Users\\alexio\\Desktop\\bisindo\\app\\(tabs)\\(quiz)\\category.tsx","statementMap":{"0":{"start":{"line":20,"column":20},"end":{"line":22,"column":1}},"1":{"start":{"line":21,"column":2},"end":{"line":21,"column":31}},"2":{"start":{"line":24,"column":22},"end":{"line":28,"column":1}},"3":{"start":{"line":25,"column":19},"end":{"line":25,"column":42}},"4":{"start":{"line":26,"column":16},"end":{"line":26,"column":52}},"5":{"start":{"line":27,"column":2},"end":{"line":27,"column":37}},"6":{"start":{"line":30,"column":24},"end":{"line":33,"column":1}},"7":{"start":{"line":31,"column":19},"end":{"line":31,"column":42}},"8":{"start":{"line":32,"column":2},"end":{"line":32,"column":57}},"9":{"start":{"line":35,"column":40},"end":{"line":35,"column":53}},"10":{"start":{"line":36,"column":29},"end":{"line":36,"column":66}},"11":{"start":{"line":39,"column":27},"end":{"line":42,"column":1}},"12":{"start":{"line":44,"column":20},"end":{"line":44,"column":50}},"13":{"start":{"line":49,"column":2},"end":{"line":51,"column":3}},"14":{"start":{"line":50,"column":4},"end":{"line":50,"column":62}},"15":{"start":{"line":52,"column":15},"end":{"line":52,"column":73}},"16":{"start":{"line":53,"column":2},"end":{"line":53,"column":46}},"17":{"start":{"line":57,"column":46},"end":{"line":57,"column":68}},"18":{"start":{"line":58,"column":27},"end":{"line":58,"column":48}},"19":{"start":{"line":59,"column":21},"end":{"line":59,"column":48}},"20":{"start":{"line":60,"column":16},"end":{"line":60,"column":32}},"21":{"start":{"line":61,"column":20},"end":{"line":61,"column":48}},"22":{"start":{"line":62,"column":46},"end":{"line":62,"column":66}},"23":{"start":{"line":63,"column":54},"end":{"line":63,"column":74}},"24":{"start":{"line":64,"column":62},"end":{"line":64,"column":81}},"25":{"start":{"line":65,"column":40},"end":{"line":65,"column":59}},"26":{"start":{"line":66,"column":42},"end":{"line":66,"column":61}},"27":{"start":{"line":67,"column":46},"end":{"line":67,"column":68}},"28":{"start":{"line":68,"column":32},"end":{"line":68,"column":53}},"29":{"start":{"line":69,"column":56},"end":{"line":69,"column":75}},"30":{"start":{"line":71,"column":38},"end":{"line":71,"column":67}},"31":{"start":{"line":72,"column":17},"end":{"line":72,"column":44}},"32":{"start":{"line":73,"column":47},"end":{"line":73,"column":68}},"33":{"start":{"line":74,"column":36},"end":{"line":74,"column":55}},"34":{"start":{"line":75,"column":28},"end":{"line":75,"column":47}},"35":{"start":{"line":76,"column":21},"end":{"line":76,"column":36}},"36":{"start":{"line":78,"column":2},"end":{"line":78,"column":28}},"37":{"start":{"line":80,"column":2},"end":{"line":84,"column":25}},"38":{"start":{"line":81,"column":4},"end":{"line":83,"column":7}},"39":{"start":{"line":82,"column":6},"end":{"line":82,"column":26}},"40":{"start":{"line":86,"column":2},"end":{"line":108,"column":9}},"41":{"start":{"line":87,"column":25},"end":{"line":103,"column":5}},"42":{"start":{"line":90,"column":8},"end":{"line":101,"column":13}},"43":{"start":{"line":91,"column":10},"end":{"line":91,"column":44}},"44":{"start":{"line":92,"column":10},"end":{"line":100,"column":15}},"45":{"start":{"line":94,"column":14},"end":{"line":94,"column":46}},"46":{"start":{"line":95,"column":14},"end":{"line":95,"column":44}},"47":{"start":{"line":99,"column":14},"end":{"line":99,"column":59}},"48":{"start":{"line":105,"column":4},"end":{"line":107,"column":6}},"49":{"start":{"line":106,"column":6},"end":{"line":106,"column":28}},"50":{"start":{"line":110,"column":2},"end":{"line":112,"column":33}},"51":{"start":{"line":111,"column":4},"end":{"line":111,"column":51}},"52":{"start":{"line":114,"column":2},"end":{"line":119,"column":14}},"53":{"start":{"line":115,"column":4},"end":{"line":118,"column":5}},"54":{"start":{"line":116,"column":6},"end":{"line":116,"column":26}},"55":{"start":{"line":117,"column":6},"end":{"line":117,"column":47}},"56":{"start":{"line":121,"column":2},"end":{"line":124,"column":15}},"57":{"start":{"line":122,"column":6},"end":{"line":122,"column":55}},"58":{"start":{"line":126,"column":2},"end":{"line":154,"column":20}},"59":{"start":{"line":127,"column":4},"end":{"line":130,"column":5}},"60":{"start":{"line":129,"column":6},"end":{"line":129,"column":13}},"61":{"start":{"line":132,"column":24},"end":{"line":132,"column":62}},"62":{"start":{"line":134,"column":4},"end":{"line":136,"column":5}},"63":{"start":{"line":135,"column":6},"end":{"line":135,"column":62}},"64":{"start":{"line":135,"column":39},"end":{"line":135,"column":60}},"65":{"start":{"line":137,"column":4},"end":{"line":152,"column":5}},"66":{"start":{"line":138,"column":6},"end":{"line":138,"column":86}},"67":{"start":{"line":138,"column":58},"end":{"line":138,"column":84}},"68":{"start":{"line":139,"column":6},"end":{"line":149,"column":7}},"69":{"start":{"line":140,"column":8},"end":{"line":147,"column":9}},"70":{"start":{"line":141,"column":10},"end":{"line":141,"column":65}},"71":{"start":{"line":142,"column":10},"end":{"line":146,"column":11}},"72":{"start":{"line":143,"column":12},"end":{"line":143,"column":79}},"73":{"start":{"line":144,"column":12},"end":{"line":144,"column":46}},"74":{"start":{"line":145,"column":12},"end":{"line":145,"column":34}},"75":{"start":{"line":148,"column":8},"end":{"line":148,"column":37}},"76":{"start":{"line":151,"column":6},"end":{"line":151,"column":35}},"77":{"start":{"line":153,"column":4},"end":{"line":153,"column":42}},"78":{"start":{"line":156,"column":2},"end":{"line":158,"column":26}},"79":{"start":{"line":157,"column":4},"end":{"line":157,"column":59}},"80":{"start":{"line":157,"column":39},"end":{"line":157,"column":57}},"81":{"start":{"line":160,"column":25},"end":{"line":165,"column":8}},"82":{"start":{"line":162,"column":4},"end":{"line":164,"column":7}},"83":{"start":{"line":163,"column":6},"end":{"line":163,"column":27}},"84":{"start":{"line":167,"column":2},"end":{"line":169,"column":3}},"85":{"start":{"line":168,"column":4},"end":{"line":168,"column":38}},"86":{"start":{"line":171,"column":2},"end":{"line":173,"column":3}},"87":{"start":{"line":172,"column":4},"end":{"line":172,"column":34}},"88":{"start":{"line":175,"column":22},"end":{"line":175,"column":59}},"89":{"start":{"line":177,"column":22},"end":{"line":177,"column":46}},"90":{"start":{"line":179,"column":2},"end":{"line":199,"column":3}},"91":{"start":{"line":180,"column":4},"end":{"line":198,"column":6}},"92":{"start":{"line":187,"column":12},"end":{"line":187,"column":31}},"93":{"start":{"line":188,"column":12},"end":{"line":188,"column":34}},"94":{"start":{"line":189,"column":12},"end":{"line":189,"column":24}},"95":{"start":{"line":193,"column":67},"end":{"line":193,"column":86}},"96":{"start":{"line":201,"column":2},"end":{"line":261,"column":4}},"97":{"start":{"line":219,"column":12},"end":{"line":228,"column":19}},"98":{"start":{"line":251,"column":71},"end":{"line":251,"column":92}},"99":{"start":{"line":255,"column":71},"end":{"line":255,"column":127}},"100":{"start":{"line":264,"column":15},"end":{"line":372,"column":2}}},"fnMap":{"0":{"name":"(anonymous_0)","decl":{"start":{"line":20,"column":20},"end":{"line":20,"column":21}},"loc":{"start":{"line":20,"column":52},"end":{"line":22,"column":1}},"line":20},"1":{"name":"(anonymous_1)","decl":{"start":{"line":24,"column":22},"end":{"line":24,"column":23}},"loc":{"start":{"line":24,"column":69},"end":{"line":28,"column":1}},"line":24},"2":{"name":"(anonymous_2)","decl":{"start":{"line":30,"column":24},"end":{"line":30,"column":25}},"loc":{"start":{"line":30,"column":84},"end":{"line":33,"column":1}},"line":30},"3":{"name":"handLandmarks","decl":{"start":{"line":47,"column":9},"end":{"line":47,"column":22}},"loc":{"start":{"line":47,"column":37},"end":{"line":54,"column":1}},"line":47},"4":{"name":"CategoryScreen","decl":{"start":{"line":56,"column":24},"end":{"line":56,"column":38}},"loc":{"start":{"line":56,"column":41},"end":{"line":262,"column":1}},"line":56},"5":{"name":"(anonymous_5)","decl":{"start":{"line":80,"column":12},"end":{"line":80,"column":13}},"loc":{"start":{"line":80,"column":18},"end":{"line":84,"column":3}},"line":80},"6":{"name":"(anonymous_6)","decl":{"start":{"line":81,"column":41},"end":{"line":81,"column":42}},"loc":{"start":{"line":81,"column":52},"end":{"line":83,"column":5}},"line":81},"7":{"name":"(anonymous_7)","decl":{"start":{"line":86,"column":12},"end":{"line":86,"column":13}},"loc":{"start":{"line":86,"column":18},"end":{"line":108,"column":3}},"line":86},"8":{"name":"(anonymous_8)","decl":{"start":{"line":89,"column":6},"end":{"line":89,"column":7}},"loc":{"start":{"line":89,"column":15},"end":{"line":102,"column":7}},"line":89},"9":{"name":"(anonymous_9)","decl":{"start":{"line":90,"column":16},"end":{"line":90,"column":17}},"loc":{"start":{"line":90,"column":22},"end":{"line":101,"column":9}},"line":90},"10":{"name":"(anonymous_10)","decl":{"start":{"line":93,"column":18},"end":{"line":93,"column":19}},"loc":{"start":{"line":93,"column":44},"end":{"line":97,"column":13}},"line":93},"11":{"name":"(anonymous_11)","decl":{"start":{"line":98,"column":19},"end":{"line":98,"column":20}},"loc":{"start":{"line":98,"column":39},"end":{"line":100,"column":13}},"line":98},"12":{"name":"(anonymous_12)","decl":{"start":{"line":105,"column":11},"end":{"line":105,"column":12}},"loc":{"start":{"line":105,"column":17},"end":{"line":107,"column":5}},"line":105},"13":{"name":"(anonymous_13)","decl":{"start":{"line":110,"column":12},"end":{"line":110,"column":13}},"loc":{"start":{"line":110,"column":18},"end":{"line":112,"column":3}},"line":110},"14":{"name":"(anonymous_14)","decl":{"start":{"line":114,"column":12},"end":{"line":114,"column":13}},"loc":{"start":{"line":114,"column":18},"end":{"line":119,"column":3}},"line":114},"15":{"name":"(anonymous_15)","decl":{"start":{"line":121,"column":12},"end":{"line":121,"column":13}},"loc":{"start":{"line":121,"column":18},"end":{"line":123,"column":5}},"line":121},"16":{"name":"(anonymous_16)","decl":{"start":{"line":126,"column":12},"end":{"line":126,"column":13}},"loc":{"start":{"line":126,"column":18},"end":{"line":154,"column":3}},"line":126},"17":{"name":"(anonymous_17)","decl":{"start":{"line":135,"column":24},"end":{"line":135,"column":25}},"loc":{"start":{"line":135,"column":39},"end":{"line":135,"column":60}},"line":135},"18":{"name":"(anonymous_18)","decl":{"start":{"line":138,"column":32},"end":{"line":138,"column":33}},"loc":{"start":{"line":138,"column":58},"end":{"line":138,"column":84}},"line":138},"19":{"name":"(anonymous_19)","decl":{"start":{"line":156,"column":12},"end":{"line":156,"column":13}},"loc":{"start":{"line":156,"column":18},"end":{"line":158,"column":3}},"line":156},"20":{"name":"(anonymous_20)","decl":{"start":{"line":157,"column":30},"end":{"line":157,"column":31}},"loc":{"start":{"line":157,"column":39},"end":{"line":157,"column":57}},"line":157},"21":{"name":"(anonymous_21)","decl":{"start":{"line":160,"column":43},"end":{"line":160,"column":44}},"loc":{"start":{"line":160,"column":52},"end":{"line":165,"column":3}},"line":160},"22":{"name":"(anonymous_22)","decl":{"start":{"line":162,"column":23},"end":{"line":162,"column":24}},"loc":{"start":{"line":162,"column":29},"end":{"line":164,"column":5}},"line":162},"23":{"name":"(anonymous_23)","decl":{"start":{"line":186,"column":66},"end":{"line":186,"column":67}},"loc":{"start":{"line":186,"column":72},"end":{"line":190,"column":11}},"line":186},"24":{"name":"(anonymous_24)","decl":{"start":{"line":193,"column":61},"end":{"line":193,"column":62}},"loc":{"start":{"line":193,"column":67},"end":{"line":193,"column":86}},"line":193},"25":{"name":"(anonymous_25)","decl":{"start":{"line":218,"column":37},"end":{"line":218,"column":38}},"loc":{"start":{"line":219,"column":12},"end":{"line":228,"column":19}},"line":219},"26":{"name":"(anonymous_26)","decl":{"start":{"line":251,"column":65},"end":{"line":251,"column":66}},"loc":{"start":{"line":251,"column":71},"end":{"line":251,"column":92}},"line":251},"27":{"name":"(anonymous_27)","decl":{"start":{"line":255,"column":65},"end":{"line":255,"column":66}},"loc":{"start":{"line":255,"column":71},"end":{"line":255,"column":127}},"line":255}},"branchMap":{"0":{"loc":{"start":{"line":27,"column":9},"end":{"line":27,"column":36}},"type":"cond-expr","locations":[{"start":{"line":27,"column":17},"end":{"line":27,"column":32}},{"start":{"line":27,"column":35},"end":{"line":27,"column":36}}],"line":27},"1":{"loc":{"start":{"line":49,"column":2},"end":{"line":51,"column":3}},"type":"if","locations":[{"start":{"line":49,"column":2},"end":{"line":51,"column":3}},{"start":{},"end":{}}],"line":49},"2":{"loc":{"start":{"line":52,"column":39},"end":{"line":52,"column":70}},"type":"binary-expr","locations":[{"start":{"line":52,"column":39},"end":{"line":52,"column":56}},{"start":{"line":52,"column":60},"end":{"line":52,"column":70}}],"line":52},"3":{"loc":{"start":{"line":115,"column":4},"end":{"line":118,"column":5}},"type":"if","locations":[{"start":{"line":115,"column":4},"end":{"line":118,"column":5}},{"start":{},"end":{}}],"line":115},"4":{"loc":{"start":{"line":127,"column":4},"end":{"line":130,"column":5}},"type":"if","locations":[{"start":{"line":127,"column":4},"end":{"line":130,"column":5}},{"start":{},"end":{}}],"line":127},"5":{"loc":{"start":{"line":134,"column":4},"end":{"line":136,"column":5}},"type":"if","locations":[{"start":{"line":134,"column":4},"end":{"line":136,"column":5}},{"start":{},"end":{}}],"line":134},"6":{"loc":{"start":{"line":134,"column":8},"end":{"line":134,"column":96}},"type":"binary-expr","locations":[{"start":{"line":134,"column":8},"end":{"line":134,"column":50}},{"start":{"line":134,"column":54},"end":{"line":134,"column":96}}],"line":134},"7":{"loc":{"start":{"line":137,"column":4},"end":{"line":152,"column":5}},"type":"if","locations":[{"start":{"line":137,"column":4},"end":{"line":152,"column":5}},{"start":{"line":150,"column":11},"end":{"line":152,"column":5}}],"line":137},"8":{"loc":{"start":{"line":139,"column":6},"end":{"line":149,"column":7}},"type":"if","locations":[{"start":{"line":139,"column":6},"end":{"line":149,"column":7}},{"start":{},"end":{}}],"line":139},"9":{"loc":{"start":{"line":140,"column":8},"end":{"line":147,"column":9}},"type":"if","locations":[{"start":{"line":140,"column":8},"end":{"line":147,"column":9}},{"start":{},"end":{}}],"line":140},"10":{"loc":{"start":{"line":142,"column":10},"end":{"line":146,"column":11}},"type":"if","locations":[{"start":{"line":142,"column":10},"end":{"line":146,"column":11}},{"start":{},"end":{}}],"line":142},"11":{"loc":{"start":{"line":167,"column":2},"end":{"line":169,"column":3}},"type":"if","locations":[{"start":{"line":167,"column":2},"end":{"line":169,"column":3}},{"start":{},"end":{}}],"line":167},"12":{"loc":{"start":{"line":171,"column":2},"end":{"line":173,"column":3}},"type":"if","locations":[{"start":{"line":171,"column":2},"end":{"line":173,"column":3}},{"start":{},"end":{}}],"line":171},"13":{"loc":{"start":{"line":175,"column":22},"end":{"line":175,"column":59}},"type":"cond-expr","locations":[{"start":{"line":175,"column":46},"end":{"line":175,"column":51}},{"start":{"line":175,"column":54},"end":{"line":175,"column":59}}],"line":175},"14":{"loc":{"start":{"line":179,"column":2},"end":{"line":199,"column":3}},"type":"if","locations":[{"start":{"line":179,"column":2},"end":{"line":199,"column":3}},{"start":{},"end":{}}],"line":179},"15":{"loc":{"start":{"line":224,"column":16},"end":{"line":224,"column":86}},"type":"binary-expr","locations":[{"start":{"line":224,"column":16},"end":{"line":224,"column":62}},{"start":{"line":224,"column":66},"end":{"line":224,"column":86}}],"line":224},"16":{"loc":{"start":{"line":255,"column":85},"end":{"line":255,"column":126}},"type":"cond-expr","locations":[{"start":{"line":255,"column":110},"end":{"line":255,"column":116}},{"start":{"line":255,"column":119},"end":{"line":255,"column":126}}],"line":255}},"s":{"0":1,"1":24,"2":1,"3":13,"4":13,"5":13,"6":1,"7":11,"8":11,"9":1,"10":1,"11":1,"12":1,"13":0,"14":0,"15":0,"16":0,"17":926,"18":926,"19":926,"20":926,"21":926,"22":926,"23":926,"24":926,"25":926,"26":926,"27":926,"28":926,"29":926,"30":926,"31":926,"32":926,"33":926,"34":926,"35":926,"36":926,"37":926,"38":13,"39":13,"40":926,"41":13,"42":443,"43":443,"44":443,"45":443,"46":443,"47":0,"48":13,"49":13,"50":926,"51":922,"52":926,"53":26,"54":11,"55":11,"56":926,"57":14,"58":926,"59":456,"60":6,"61":450,"62":450,"63":3,"64":3,"65":450,"66":399,"67":399,"68":399,"69":55,"70":55,"71":55,"72":12,"73":12,"74":12,"75":55,"76":51,"77":450,"78":926,"79":922,"80":0,"81":926,"82":0,"83":0,"84":926,"85":3,"86":923,"87":3,"88":920,"89":920,"90":920,"91":12,"92":1,"93":1,"94":1,"95":1,"96":908,"97":4330,"98":1,"99":1,"100":1},"f":{"0":24,"1":13,"2":11,"3":0,"4":926,"5":13,"6":13,"7":13,"8":443,"9":443,"10":443,"11":0,"12":13,"13":922,"14":26,"15":14,"16":456,"17":3,"18":399,"19":922,"20":0,"21":0,"22":0,"23":1,"24":1,"25":4330,"26":1,"27":1},"b":{"0":[13,0],"1":[0,0],"2":[0,0],"3":[11,15],"4":[6,450],"5":[3,447],"6":[450,450],"7":[399,51],"8":[55,344],"9":[55,0],"10":[12,43],"11":[3,923],"12":[3,920],"13":[920,0],"14":[12,908],"15":[4330,1602],"16":[1,0]},"_coverageSchema":"1a1c01bbd47fc00a2c39e90264f33305004495a9","hash":"fdb17793aabba76e157e6edde1a7fb37c9e2511c"}
,"C:\\Users\\alexio\\Desktop\\bisindo\\app\\(tabs)\\(quiz)\\categoryhelp.tsx": {"path":"C:\\Users\\alexio\\Desktop\\bisindo\\app\\(tabs)\\(quiz)\\categoryhelp.tsx","statementMap":{"0":{"start":{"line":5,"column":27},"end":{"line":21,"column":1}},"1":{"start":{"line":6,"column":16},"end":{"line":6,"column":32}},"2":{"start":{"line":8,"column":2},"end":{"line":20,"column":4}},"3":{"start":{"line":23,"column":15},"end":{"line":41,"column":2}}},"fnMap":{"0":{"name":"(anonymous_0)","decl":{"start":{"line":5,"column":27},"end":{"line":5,"column":28}},"loc":{"start":{"line":5,"column":33},"end":{"line":21,"column":1}},"line":5}},"branchMap":{},"s":{"0":1,"1":5,"2":5,"3":1},"f":{"0":5},"b":{},"_coverageSchema":"1a1c01bbd47fc00a2c39e90264f33305004495a9","hash":"0ca611aa45fda74b180f7eab847693e5bb3422e5"}
,"C:\\Users\\alexio\\Desktop\\bisindo\\app\\(tabs)\\(quiz)\\index.tsx": {"path":"C:\\Users\\alexio\\Desktop\\bisindo\\app\\(tabs)\\(quiz)\\index.tsx","statementMap":{"0":{"start":{"line":9,"column":20},"end":{"line":11,"column":1}},"1":{"start":{"line":10,"column":2},"end":{"line":10,"column":31}},"2":{"start":{"line":13,"column":22},"end":{"line":17,"column":1}},"3":{"start":{"line":14,"column":19},"end":{"line":14,"column":42}},"4":{"start":{"line":15,"column":16},"end":{"line":15,"column":52}},"5":{"start":{"line":16,"column":2},"end":{"line":16,"column":37}},"6":{"start":{"line":19,"column":114},"end":{"line":27,"column":1}},"7":{"start":{"line":30,"column":16},"end":{"line":30,"column":32}},"8":{"start":{"line":40,"column":21},"end":{"line":83,"column":3}},"9":{"start":{"line":85,"column":38},"end":{"line":85,"column":77}},"10":{"start":{"line":87,"column":26},"end":{"line":94,"column":3}},"11":{"start":{"line":88,"column":46},"end":{"line":88,"column":48}},"12":{"start":{"line":89,"column":4},"end":{"line":92,"column":5}},"13":{"start":{"line":90,"column":20},"end":{"line":90,"column":63}},"14":{"start":{"line":91,"column":6},"end":{"line":91,"column":34}},"15":{"start":{"line":93,"column":4},"end":{"line":93,"column":26}},"16":{"start":{"line":96,"column":2},"end":{"line":98,"column":9}},"17":{"start":{"line":97,"column":4},"end":{"line":97,"column":22}},"18":{"start":{"line":100,"column":2},"end":{"line":102,"column":5}},"19":{"start":{"line":101,"column":4},"end":{"line":101,"column":22}},"20":{"start":{"line":104,"column":2},"end":{"line":134,"column":4}},"21":{"start":{"line":112,"column":10},"end":{"line":130,"column":17}},"22":{"start":{"line":137,"column":15},"end":{"line":200,"column":2}}},"fnMap":{"0":{"name":"(anonymous_0)","decl":{"start":{"line":9,"column":20},"end":{"line":9,"column":21}},"loc":{"start":{"line":9,"column":52},"end":{"line":11,"column":1}},"line":9},"1":{"name":"(anonymous_1)","decl":{"start":{"line":13,"column":22},"end":{"line":13,"column":23}},"loc":{"start":{"line":13,"column":69},"end":{"line":17,"column":1}},"line":13},"2":{"name":"QuizScreen","decl":{"start":{"line":29,"column":24},"end":{"line":29,"column":34}},"loc":{"start":{"line":29,"column":37},"end":{"line":135,"column":1}},"line":29},"3":{"name":"(anonymous_3)","decl":{"start":{"line":87,"column":26},"end":{"line":87,"column":27}},"loc":{"start":{"line":87,"column":38},"end":{"line":94,"column":3}},"line":87},"4":{"name":"(anonymous_4)","decl":{"start":{"line":96,"column":12},"end":{"line":96,"column":13}},"loc":{"start":{"line":96,"column":18},"end":{"line":98,"column":3}},"line":96},"5":{"name":"(anonymous_5)","decl":{"start":{"line":100,"column":17},"end":{"line":100,"column":18}},"loc":{"start":{"line":100,"column":23},"end":{"line":102,"column":3}},"line":100},"6":{"name":"(anonymous_6)","decl":{"start":{"line":111,"column":24},"end":{"line":111,"column":25}},"loc":{"start":{"line":112,"column":10},"end":{"line":130,"column":17}},"line":112}},"branchMap":{"0":{"loc":{"start":{"line":16,"column":9},"end":{"line":16,"column":36}},"type":"cond-expr","locations":[{"start":{"line":16,"column":17},"end":{"line":16,"column":32}},{"start":{"line":16,"column":35},"end":{"line":16,"column":36}}],"line":16},"1":{"loc":{"start":{"line":126,"column":87},"end":{"line":126,"column":115}},"type":"binary-expr","locations":[{"start":{"line":126,"column":87},"end":{"line":126,"column":110}},{"start":{"line":126,"column":114},"end":{"line":126,"column":115}}],"line":126},"2":{"loc":{"start":{"line":127,"column":52},"end":{"line":127,"column":80}},"type":"binary-expr","locations":[{"start":{"line":127,"column":52},"end":{"line":127,"column":75}},{"start":{"line":127,"column":79},"end":{"line":127,"column":80}}],"line":127}},"s":{"0":1,"1":42,"2":1,"3":42,"4":42,"5":42,"6":1,"7":11,"8":11,"9":11,"10":11,"11":6,"12":6,"13":42,"14":42,"15":6,"16":11,"17":5,"18":11,"19":1,"20":11,"21":77,"22":1},"f":{"0":42,"1":42,"2":11,"3":6,"4":5,"5":1,"6":77},"b":{"0":[42,0],"1":[77,41],"2":[77,41]},"_coverageSchema":"1a1c01bbd47fc00a2c39e90264f33305004495a9","hash":"cbe834496471cfa573bb15b8918fe4785696e1a3"}
,"C:\\Users\\alexio\\Desktop\\bisindo\\app\\(tabs)\\(translation)\\camera.tsx": {"path":"C:\\Users\\alexio\\Desktop\\bisindo\\app\\(tabs)\\(translation)\\camera.tsx","statementMap":{"0":{"start":{"line":19,"column":40},"end":{"line":19,"column":53}},"1":{"start":{"line":22,"column":29},"end":{"line":22,"column":66}},"2":{"start":{"line":25,"column":27},"end":{"line":28,"column":1}},"3":{"start":{"line":33,"column":2},"end":{"line":35,"column":3}},"4":{"start":{"line":34,"column":4},"end":{"line":34,"column":62}},"5":{"start":{"line":36,"column":15},"end":{"line":36,"column":73}},"6":{"start":{"line":37,"column":2},"end":{"line":37,"column":46}},"7":{"start":{"line":43,"column":16},"end":{"line":43,"column":32}},"8":{"start":{"line":44,"column":20},"end":{"line":44,"column":48}},"9":{"start":{"line":45,"column":46},"end":{"line":45,"column":66}},"10":{"start":{"line":46,"column":40},"end":{"line":46,"column":60}},"11":{"start":{"line":47,"column":36},"end":{"line":47,"column":58}},"12":{"start":{"line":48,"column":54},"end":{"line":48,"column":74}},"13":{"start":{"line":49,"column":62},"end":{"line":49,"column":81}},"14":{"start":{"line":50,"column":60},"end":{"line":50,"column":79}},"15":{"start":{"line":51,"column":40},"end":{"line":51,"column":59}},"16":{"start":{"line":52,"column":32},"end":{"line":52,"column":53}},"17":{"start":{"line":53,"column":56},"end":{"line":53,"column":75}},"18":{"start":{"line":55,"column":38},"end":{"line":55,"column":67}},"19":{"start":{"line":56,"column":17},"end":{"line":56,"column":44}},"20":{"start":{"line":57,"column":47},"end":{"line":57,"column":68}},"21":{"start":{"line":59,"column":2},"end":{"line":59,"column":28}},"22":{"start":{"line":64,"column":22},"end":{"line":78,"column":5}},"23":{"start":{"line":66,"column":6},"end":{"line":77,"column":7}},"24":{"start":{"line":67,"column":32},"end":{"line":67,"column":52}},"25":{"start":{"line":69,"column":8},"end":{"line":73,"column":11}},"26":{"start":{"line":76,"column":8},"end":{"line":76,"column":32}},"27":{"start":{"line":80,"column":2},"end":{"line":111,"column":9}},"28":{"start":{"line":82,"column":25},"end":{"line":104,"column":5}},"29":{"start":{"line":85,"column":8},"end":{"line":101,"column":13}},"30":{"start":{"line":86,"column":10},"end":{"line":86,"column":44}},"31":{"start":{"line":91,"column":10},"end":{"line":99,"column":13}},"32":{"start":{"line":93,"column":12},"end":{"line":93,"column":44}},"33":{"start":{"line":94,"column":12},"end":{"line":94,"column":42}},"34":{"start":{"line":98,"column":12},"end":{"line":98,"column":57}},"35":{"start":{"line":106,"column":4},"end":{"line":108,"column":6}},"36":{"start":{"line":107,"column":6},"end":{"line":107,"column":28}},"37":{"start":{"line":113,"column":2},"end":{"line":145,"column":20}},"38":{"start":{"line":118,"column":4},"end":{"line":142,"column":5}},"39":{"start":{"line":119,"column":6},"end":{"line":129,"column":7}},"40":{"start":{"line":120,"column":8},"end":{"line":120,"column":85}},"41":{"start":{"line":120,"column":58},"end":{"line":120,"column":83}},"42":{"start":{"line":121,"column":8},"end":{"line":125,"column":9}},"43":{"start":{"line":122,"column":10},"end":{"line":122,"column":55}},"44":{"start":{"line":122,"column":31},"end":{"line":122,"column":53}},"45":{"start":{"line":123,"column":10},"end":{"line":123,"column":29}},"46":{"start":{"line":124,"column":10},"end":{"line":124,"column":38}},"47":{"start":{"line":128,"column":8},"end":{"line":128,"column":36}},"48":{"start":{"line":132,"column":6},"end":{"line":141,"column":7}},"49":{"start":{"line":133,"column":8},"end":{"line":133,"column":88}},"50":{"start":{"line":133,"column":60},"end":{"line":133,"column":86}},"51":{"start":{"line":134,"column":8},"end":{"line":137,"column":9}},"52":{"start":{"line":135,"column":10},"end":{"line":135,"column":56}},"53":{"start":{"line":135,"column":33},"end":{"line":135,"column":54}},"54":{"start":{"line":136,"column":10},"end":{"line":136,"column":39}},"55":{"start":{"line":140,"column":8},"end":{"line":140,"column":37}},"56":{"start":{"line":144,"column":4},"end":{"line":144,"column":42}},"57":{"start":{"line":147,"column":2},"end":{"line":150,"column":13}},"58":{"start":{"line":148,"column":4},"end":{"line":148,"column":53}},"59":{"start":{"line":152,"column":2},"end":{"line":154,"column":26}},"60":{"start":{"line":153,"column":4},"end":{"line":153,"column":59}},"61":{"start":{"line":153,"column":39},"end":{"line":153,"column":57}},"62":{"start":{"line":157,"column":25},"end":{"line":164,"column":8}},"63":{"start":{"line":161,"column":4},"end":{"line":163,"column":6}},"64":{"start":{"line":162,"column":6},"end":{"line":162,"column":26}},"65":{"start":{"line":166,"column":2},"end":{"line":168,"column":3}},"66":{"start":{"line":167,"column":4},"end":{"line":167,"column":38}},"67":{"start":{"line":170,"column":2},"end":{"line":172,"column":3}},"68":{"start":{"line":171,"column":4},"end":{"line":171,"column":34}},"69":{"start":{"line":174,"column":22},"end":{"line":174,"column":59}},"70":{"start":{"line":176,"column":2},"end":{"line":229,"column":4}},"71":{"start":{"line":211,"column":71},"end":{"line":211,"column":111}},"72":{"start":{"line":215,"column":69},"end":{"line":215,"column":105}},"73":{"start":{"line":223,"column":71},"end":{"line":223,"column":127}},"74":{"start":{"line":232,"column":15},"end":{"line":304,"column":2}}},"fnMap":{"0":{"name":"handLandmarks","decl":{"start":{"line":31,"column":9},"end":{"line":31,"column":22}},"loc":{"start":{"line":31,"column":37},"end":{"line":38,"column":1}},"line":31},"1":{"name":"CameraScreen","decl":{"start":{"line":42,"column":24},"end":{"line":42,"column":36}},"loc":{"start":{"line":42,"column":39},"end":{"line":230,"column":1}},"line":42},"2":{"name":"(anonymous_2)","decl":{"start":{"line":64,"column":22},"end":{"line":64,"column":23}},"loc":{"start":{"line":64,"column":28},"end":{"line":78,"column":5}},"line":64},"3":{"name":"(anonymous_3)","decl":{"start":{"line":80,"column":12},"end":{"line":80,"column":13}},"loc":{"start":{"line":80,"column":18},"end":{"line":111,"column":3}},"line":80},"4":{"name":"(anonymous_4)","decl":{"start":{"line":84,"column":6},"end":{"line":84,"column":7}},"loc":{"start":{"line":84,"column":15},"end":{"line":102,"column":7}},"line":84},"5":{"name":"(anonymous_5)","decl":{"start":{"line":85,"column":16},"end":{"line":85,"column":17}},"loc":{"start":{"line":85,"column":22},"end":{"line":101,"column":9}},"line":85},"6":{"name":"(anonymous_6)","decl":{"start":{"line":92,"column":16},"end":{"line":92,"column":17}},"loc":{"start":{"line":92,"column":42},"end":{"line":96,"column":11}},"line":92},"7":{"name":"(anonymous_7)","decl":{"start":{"line":97,"column":17},"end":{"line":97,"column":18}},"loc":{"start":{"line":97,"column":37},"end":{"line":99,"column":11}},"line":97},"8":{"name":"(anonymous_8)","decl":{"start":{"line":106,"column":11},"end":{"line":106,"column":12}},"loc":{"start":{"line":106,"column":17},"end":{"line":108,"column":5}},"line":106},"9":{"name":"(anonymous_9)","decl":{"start":{"line":113,"column":12},"end":{"line":113,"column":13}},"loc":{"start":{"line":113,"column":18},"end":{"line":145,"column":3}},"line":113},"10":{"name":"(anonymous_10)","decl":{"start":{"line":120,"column":33},"end":{"line":120,"column":34}},"loc":{"start":{"line":120,"column":58},"end":{"line":120,"column":83}},"line":120},"11":{"name":"(anonymous_11)","decl":{"start":{"line":122,"column":23},"end":{"line":122,"column":24}},"loc":{"start":{"line":122,"column":31},"end":{"line":122,"column":53}},"line":122},"12":{"name":"(anonymous_12)","decl":{"start":{"line":133,"column":34},"end":{"line":133,"column":35}},"loc":{"start":{"line":133,"column":60},"end":{"line":133,"column":86}},"line":133},"13":{"name":"(anonymous_13)","decl":{"start":{"line":135,"column":25},"end":{"line":135,"column":26}},"loc":{"start":{"line":135,"column":33},"end":{"line":135,"column":54}},"line":135},"14":{"name":"(anonymous_14)","decl":{"start":{"line":147,"column":12},"end":{"line":147,"column":13}},"loc":{"start":{"line":147,"column":18},"end":{"line":149,"column":3}},"line":147},"15":{"name":"(anonymous_15)","decl":{"start":{"line":152,"column":12},"end":{"line":152,"column":13}},"loc":{"start":{"line":152,"column":18},"end":{"line":154,"column":3}},"line":152},"16":{"name":"(anonymous_16)","decl":{"start":{"line":153,"column":30},"end":{"line":153,"column":31}},"loc":{"start":{"line":153,"column":39},"end":{"line":153,"column":57}},"line":153},"17":{"name":"(anonymous_17)","decl":{"start":{"line":157,"column":43},"end":{"line":157,"column":44}},"loc":{"start":{"line":157,"column":52},"end":{"line":164,"column":3}},"line":157},"18":{"name":"(anonymous_18)","decl":{"start":{"line":161,"column":23},"end":{"line":161,"column":24}},"loc":{"start":{"line":161,"column":29},"end":{"line":163,"column":5}},"line":161},"19":{"name":"(anonymous_19)","decl":{"start":{"line":211,"column":65},"end":{"line":211,"column":66}},"loc":{"start":{"line":211,"column":71},"end":{"line":211,"column":111}},"line":211},"20":{"name":"(anonymous_20)","decl":{"start":{"line":215,"column":63},"end":{"line":215,"column":64}},"loc":{"start":{"line":215,"column":69},"end":{"line":215,"column":105}},"line":215},"21":{"name":"(anonymous_21)","decl":{"start":{"line":223,"column":65},"end":{"line":223,"column":66}},"loc":{"start":{"line":223,"column":71},"end":{"line":223,"column":127}},"line":223}},"branchMap":{"0":{"loc":{"start":{"line":33,"column":2},"end":{"line":35,"column":3}},"type":"if","locations":[{"start":{"line":33,"column":2},"end":{"line":35,"column":3}},{"start":{},"end":{}}],"line":33},"1":{"loc":{"start":{"line":36,"column":39},"end":{"line":36,"column":70}},"type":"binary-expr","locations":[{"start":{"line":36,"column":39},"end":{"line":36,"column":56}},{"start":{"line":36,"column":60},"end":{"line":36,"column":70}}],"line":36},"2":{"loc":{"start":{"line":66,"column":6},"end":{"line":77,"column":7}},"type":"if","locations":[{"start":{"line":66,"column":6},"end":{"line":77,"column":7}},{"start":{"line":75,"column":11},"end":{"line":77,"column":7}}],"line":66},"3":{"loc":{"start":{"line":118,"column":4},"end":{"line":142,"column":5}},"type":"if","locations":[{"start":{"line":118,"column":4},"end":{"line":142,"column":5}},{"start":{"line":131,"column":9},"end":{"line":142,"column":5}}],"line":118},"4":{"loc":{"start":{"line":119,"column":6},"end":{"line":129,"column":7}},"type":"if","locations":[{"start":{"line":119,"column":6},"end":{"line":129,"column":7}},{"start":{"line":127,"column":11},"end":{"line":129,"column":7}}],"line":119},"5":{"loc":{"start":{"line":121,"column":8},"end":{"line":125,"column":9}},"type":"if","locations":[{"start":{"line":121,"column":8},"end":{"line":125,"column":9}},{"start":{},"end":{}}],"line":121},"6":{"loc":{"start":{"line":121,"column":12},"end":{"line":121,"column":82}},"type":"binary-expr","locations":[{"start":{"line":121,"column":12},"end":{"line":121,"column":56}},{"start":{"line":121,"column":60},"end":{"line":121,"column":82}}],"line":121},"7":{"loc":{"start":{"line":132,"column":6},"end":{"line":141,"column":7}},"type":"if","locations":[{"start":{"line":132,"column":6},"end":{"line":141,"column":7}},{"start":{"line":139,"column":11},"end":{"line":141,"column":7}}],"line":132},"8":{"loc":{"start":{"line":134,"column":8},"end":{"line":137,"column":9}},"type":"if","locations":[{"start":{"line":134,"column":8},"end":{"line":137,"column":9}},{"start":{},"end":{}}],"line":134},"9":{"loc":{"start":{"line":166,"column":2},"end":{"line":168,"column":3}},"type":"if","locations":[{"start":{"line":166,"column":2},"end":{"line":168,"column":3}},{"start":{},"end":{}}],"line":166},"10":{"loc":{"start":{"line":170,"column":2},"end":{"line":172,"column":3}},"type":"if","locations":[{"start":{"line":170,"column":2},"end":{"line":172,"column":3}},{"start":{},"end":{}}],"line":170},"11":{"loc":{"start":{"line":174,"column":22},"end":{"line":174,"column":59}},"type":"cond-expr","locations":[{"start":{"line":174,"column":46},"end":{"line":174,"column":51}},{"start":{"line":174,"column":54},"end":{"line":174,"column":59}}],"line":174},"12":{"loc":{"start":{"line":223,"column":85},"end":{"line":223,"column":126}},"type":"cond-expr","locations":[{"start":{"line":223,"column":110},"end":{"line":223,"column":116}},{"start":{"line":223,"column":119},"end":{"line":223,"column":126}}],"line":223}},"s":{"0":1,"1":1,"2":1,"3":0,"4":0,"5":0,"6":0,"7":789,"8":789,"9":789,"10":789,"11":789,"12":789,"13":789,"14":789,"15":789,"16":789,"17":789,"18":789,"19":789,"20":789,"21":789,"22":789,"23":2,"24":1,"25":1,"26":1,"27":789,"28":13,"29":379,"30":379,"31":379,"32":379,"33":379,"34":0,"35":13,"36":13,"37":789,"38":392,"39":64,"40":57,"41":57,"42":57,"43":7,"44":7,"45":7,"46":7,"47":7,"48":328,"49":292,"50":292,"51":292,"52":37,"53":37,"54":37,"55":36,"56":392,"57":789,"58":14,"59":789,"60":789,"61":0,"62":789,"63":0,"64":0,"65":789,"66":2,"67":787,"68":2,"69":785,"70":785,"71":1,"72":1,"73":1,"74":1},"f":{"0":0,"1":789,"2":2,"3":13,"4":379,"5":379,"6":379,"7":0,"8":13,"9":392,"10":57,"11":7,"12":292,"13":37,"14":14,"15":789,"16":0,"17":0,"18":0,"19":1,"20":1,"21":1},"b":{"0":[0,0],"1":[0,0],"2":[1,1],"3":[64,328],"4":[57,7],"5":[7,50],"6":[57,7],"7":[292,36],"8":[37,255],"9":[2,787],"10":[2,785],"11":[785,0],"12":[1,0]},"_coverageSchema":"1a1c01bbd47fc00a2c39e90264f33305004495a9","hash":"bdce9b7bbae1475d2cceac9204fc6530bf2c5e01"}
,"C:\\Users\\alexio\\Desktop\\bisindo\\app\\(tabs)\\(translation)\\camerahelp.tsx": {"path":"C:\\Users\\alexio\\Desktop\\bisindo\\app\\(tabs)\\(translation)\\camerahelp.tsx","statementMap":{"0":{"start":{"line":5,"column":25},"end":{"line":22,"column":1}},"1":{"start":{"line":6,"column":16},"end":{"line":6,"column":32}},"2":{"start":{"line":8,"column":2},"end":{"line":21,"column":4}},"3":{"start":{"line":24,"column":15},"end":{"line":42,"column":2}}},"fnMap":{"0":{"name":"(anonymous_0)","decl":{"start":{"line":5,"column":25},"end":{"line":5,"column":26}},"loc":{"start":{"line":5,"column":31},"end":{"line":22,"column":1}},"line":5}},"branchMap":{},"s":{"0":1,"1":5,"2":5,"3":1},"f":{"0":5},"b":{},"_coverageSchema":"1a1c01bbd47fc00a2c39e90264f33305004495a9","hash":"6e291725a6667f0e1a438715c396b91be4455715"}
,"C:\\Users\\alexio\\Desktop\\bisindo\\app\\(tabs)\\(translation)\\index.tsx": {"path":"C:\\Users\\alexio\\Desktop\\bisindo\\app\\(tabs)\\(translation)\\index.tsx","statementMap":{"0":{"start":{"line":11,"column":39},"end":{"line":38,"column":1}},"1":{"start":{"line":41,"column":16},"end":{"line":41,"column":32}},"2":{"start":{"line":42,"column":26},"end":{"line":42,"column":38}},"3":{"start":{"line":43,"column":50},"end":{"line":43,"column":69}},"4":{"start":{"line":44,"column":40},"end":{"line":44,"column":55}},"5":{"start":{"line":46,"column":2},"end":{"line":49,"column":13}},"6":{"start":{"line":47,"column":23},"end":{"line":47,"column":88}},"7":{"start":{"line":47,"column":64},"end":{"line":47,"column":87}},"8":{"start":{"line":48,"column":4},"end":{"line":48,"column":36}},"9":{"start":{"line":51,"column":2},"end":{"line":51,"column":83}},"10":{"start":{"line":51,"column":61},"end":{"line":51,"column":81}},"11":{"start":{"line":52,"column":2},"end":{"line":52,"column":82}},"12":{"start":{"line":52,"column":59},"end":{"line":52,"column":80}},"13":{"start":{"line":53,"column":2},"end":{"line":55,"column":5}},"14":{"start":{"line":54,"column":4},"end":{"line":54,"column":42}},"15":{"start":{"line":56,"column":2},"end":{"line":58,"column":5}},"16":{"start":{"line":57,"column":4},"end":{"line":57,"column":77}},"17":{"start":{"line":60,"column":22},"end":{"line":78,"column":3}},"18":{"start":{"line":61,"column":19},"end":{"line":61,"column":96}},"19":{"start":{"line":62,"column":4},"end":{"line":65,"column":5}},"20":{"start":{"line":63,"column":6},"end":{"line":63,"column":54}},"21":{"start":{"line":64,"column":6},"end":{"line":64,"column":13}},"22":{"start":{"line":67,"column":27},"end":{"line":67,"column":50}},"23":{"start":{"line":70,"column":4},"end":{"line":77,"column":7}},"24":{"start":{"line":80,"column":21},"end":{"line":82,"column":3}},"25":{"start":{"line":81,"column":4},"end":{"line":81,"column":63}},"26":{"start":{"line":84,"column":22},"end":{"line":97,"column":3}},"27":{"start":{"line":85,"column":4},"end":{"line":96,"column":5}},"28":{"start":{"line":86,"column":30},"end":{"line":86,"column":50}},"29":{"start":{"line":88,"column":6},"end":{"line":92,"column":9}},"30":{"start":{"line":95,"column":6},"end":{"line":95,"column":30}},"31":{"start":{"line":99,"column":2},"end":{"line":148,"column":4}},"32":{"start":{"line":110,"column":12},"end":{"line":118,"column":13}},"33":{"start":{"line":151,"column":15},"end":{"line":228,"column":2}}},"fnMap":{"0":{"name":"IndexScreen","decl":{"start":{"line":40,"column":24},"end":{"line":40,"column":35}},"loc":{"start":{"line":40,"column":38},"end":{"line":149,"column":1}},"line":40},"1":{"name":"(anonymous_1)","decl":{"start":{"line":46,"column":12},"end":{"line":46,"column":13}},"loc":{"start":{"line":46,"column":18},"end":{"line":49,"column":3}},"line":46},"2":{"name":"(anonymous_2)","decl":{"start":{"line":47,"column":56},"end":{"line":47,"column":57}},"loc":{"start":{"line":47,"column":64},"end":{"line":47,"column":87}},"line":47},"3":{"name":"(anonymous_3)","decl":{"start":{"line":51,"column":55},"end":{"line":51,"column":56}},"loc":{"start":{"line":51,"column":61},"end":{"line":51,"column":81}},"line":51},"4":{"name":"(anonymous_4)","decl":{"start":{"line":52,"column":53},"end":{"line":52,"column":54}},"loc":{"start":{"line":52,"column":59},"end":{"line":52,"column":80}},"line":52},"5":{"name":"(anonymous_5)","decl":{"start":{"line":53,"column":56},"end":{"line":53,"column":57}},"loc":{"start":{"line":53,"column":67},"end":{"line":55,"column":3}},"line":53},"6":{"name":"(anonymous_6)","decl":{"start":{"line":56,"column":55},"end":{"line":56,"column":56}},"loc":{"start":{"line":56,"column":66},"end":{"line":58,"column":3}},"line":56},"7":{"name":"(anonymous_7)","decl":{"start":{"line":60,"column":22},"end":{"line":60,"column":23}},"loc":{"start":{"line":60,"column":34},"end":{"line":78,"column":3}},"line":60},"8":{"name":"(anonymous_8)","decl":{"start":{"line":80,"column":21},"end":{"line":80,"column":22}},"loc":{"start":{"line":80,"column":33},"end":{"line":82,"column":3}},"line":80},"9":{"name":"(anonymous_9)","decl":{"start":{"line":84,"column":22},"end":{"line":84,"column":23}},"loc":{"start":{"line":84,"column":28},"end":{"line":97,"column":3}},"line":84},"10":{"name":"(anonymous_10)","decl":{"start":{"line":109,"column":32},"end":{"line":109,"column":33}},"loc":{"start":{"line":110,"column":12},"end":{"line":118,"column":13}},"line":110}},"branchMap":{"0":{"loc":{"start":{"line":47,"column":64},"end":{"line":47,"column":87}},"type":"binary-expr","locations":[{"start":{"line":47,"column":64},"end":{"line":47,"column":76}},{"start":{"line":47,"column":80},"end":{"line":47,"column":87}}],"line":47},"1":{"loc":{"start":{"line":62,"column":4},"end":{"line":65,"column":5}},"type":"if","locations":[{"start":{"line":62,"column":4},"end":{"line":65,"column":5}},{"start":{},"end":{}}],"line":62},"2":{"loc":{"start":{"line":85,"column":4},"end":{"line":96,"column":5}},"type":"if","locations":[{"start":{"line":85,"column":4},"end":{"line":96,"column":5}},{"start":{"line":94,"column":9},"end":{"line":96,"column":5}}],"line":85},"3":{"loc":{"start":{"line":110,"column":12},"end":{"line":118,"column":13}},"type":"cond-expr","locations":[{"start":{"line":111,"column":14},"end":{"line":111,"column":77}},{"start":{"line":113,"column":14},"end":{"line":117,"column":18}}],"line":110},"4":{"loc":{"start":{"line":125,"column":28},"end":{"line":125,"column":66}},"type":"cond-expr","locations":[{"start":{"line":125,"column":42},"end":{"line":125,"column":52}},{"start":{"line":125,"column":55},"end":{"line":125,"column":66}}],"line":125},"5":{"loc":{"start":{"line":127,"column":31},"end":{"line":127,"column":66}},"type":"cond-expr","locations":[{"start":{"line":127,"column":45},"end":{"line":127,"column":51}},{"start":{"line":127,"column":54},"end":{"line":127,"column":66}}],"line":127}},"s":{"0":1,"1":41,"2":41,"3":41,"4":41,"5":41,"6":19,"7":25,"8":19,"9":41,"10":2,"11":41,"12":1,"13":41,"14":1,"15":41,"16":1,"17":41,"18":5,"19":5,"20":1,"21":1,"22":4,"23":4,"24":41,"25":1,"26":41,"27":2,"28":1,"29":1,"30":1,"31":41,"32":25,"33":1},"f":{"0":41,"1":19,"2":25,"3":2,"4":1,"5":1,"6":1,"7":5,"8":1,"9":2,"10":25},"b":{"0":[25,3],"1":[1,4],"2":[1,1],"3":[3,22],"4":[2,39],"5":[2,39]},"_coverageSchema":"1a1c01bbd47fc00a2c39e90264f33305004495a9","hash":"2adb964e04c7964cf6f13c0c3dc8c5855a427f9f"}
}
