TN:
SF:app\information.tsx
FN:6,InformationScreen
FN:33,(anonymous_1)
FNF:2
FNH:2
FNDA:10,InformationScreen
FNDA:1,(anonymous_1)
DA:7,10
DA:9,10
DA:33,1
DA:43,1
LF:4
LH:4
BRF:0
BRH:0
end_of_record
TN:
SF:app\(tabs)\alphabet.tsx
FN:35,AlphabetScreen
FN:42,(anonymous_1)
FN:45,(anonymous_2)
FN:46,(anonymous_3)
FN:67,(anonymous_4)
FN:72,(anonymous_5)
FNF:6
FNH:5
FNDA:8,AlphabetScreen
FNDA:208,(anonymous_1)
FNDA:2,(anonymous_2)
FNDA:208,(anonymous_3)
FNDA:0,(anonymous_4)
FNDA:1,(anonymous_5)
DA:6,1
DA:36,8
DA:37,8
DA:38,8
DA:39,8
DA:43,208
DA:45,2
DA:46,208
DA:67,0
DA:72,1
DA:91,1
LF:11
LH:10
BRDA:48,0,0,208
BRDA:48,0,1,0
BRDA:74,1,0,8
BRDA:74,1,1,2
BRF:4
BRH:3
end_of_record
TN:
SF:app\(tabs)\(quiz)\category.tsx
FN:20,(anonymous_0)
FN:24,(anonymous_1)
FN:30,(anonymous_2)
FN:47,handLandmarks
FN:56,CategoryScreen
FN:80,(anonymous_5)
FN:81,(anonymous_6)
FN:86,(anonymous_7)
FN:89,(anonymous_8)
FN:90,(anonymous_9)
FN:93,(anonymous_10)
FN:98,(anonymous_11)
FN:105,(anonymous_12)
FN:110,(anonymous_13)
FN:114,(anonymous_14)
FN:121,(anonymous_15)
FN:126,(anonymous_16)
FN:135,(anonymous_17)
FN:138,(anonymous_18)
FN:156,(anonymous_19)
FN:157,(anonymous_20)
FN:160,(anonymous_21)
FN:162,(anonymous_22)
FN:186,(anonymous_23)
FN:193,(anonymous_24)
FN:218,(anonymous_25)
FN:251,(anonymous_26)
FN:255,(anonymous_27)
FNF:28
FNH:23
FNDA:24,(anonymous_0)
FNDA:13,(anonymous_1)
FNDA:11,(anonymous_2)
FNDA:0,handLandmarks
FNDA:926,CategoryScreen
FNDA:13,(anonymous_5)
FNDA:13,(anonymous_6)
FNDA:13,(anonymous_7)
FNDA:443,(anonymous_8)
FNDA:443,(anonymous_9)
FNDA:443,(anonymous_10)
FNDA:0,(anonymous_11)
FNDA:13,(anonymous_12)
FNDA:922,(anonymous_13)
FNDA:26,(anonymous_14)
FNDA:14,(anonymous_15)
FNDA:456,(anonymous_16)
FNDA:3,(anonymous_17)
FNDA:399,(anonymous_18)
FNDA:922,(anonymous_19)
FNDA:0,(anonymous_20)
FNDA:0,(anonymous_21)
FNDA:0,(anonymous_22)
FNDA:1,(anonymous_23)
FNDA:1,(anonymous_24)
FNDA:4330,(anonymous_25)
FNDA:1,(anonymous_26)
FNDA:1,(anonymous_27)
DA:20,1
DA:21,24
DA:24,1
DA:25,13
DA:26,13
DA:27,13
DA:30,1
DA:31,11
DA:32,11
DA:35,1
DA:36,1
DA:39,1
DA:44,1
DA:49,0
DA:50,0
DA:52,0
DA:53,0
DA:57,926
DA:58,926
DA:59,926
DA:60,926
DA:61,926
DA:62,926
DA:63,926
DA:64,926
DA:65,926
DA:66,926
DA:67,926
DA:68,926
DA:69,926
DA:71,926
DA:72,926
DA:73,926
DA:74,926
DA:75,926
DA:76,926
DA:78,926
DA:80,926
DA:81,13
DA:82,13
DA:86,926
DA:87,13
DA:90,443
DA:91,443
DA:92,443
DA:94,443
DA:95,443
DA:99,0
DA:105,13
DA:106,13
DA:110,926
DA:111,922
DA:114,926
DA:115,26
DA:116,11
DA:117,11
DA:121,926
DA:122,14
DA:126,926
DA:127,456
DA:129,6
DA:132,450
DA:134,450
DA:135,3
DA:137,450
DA:138,399
DA:139,399
DA:140,55
DA:141,55
DA:142,55
DA:143,12
DA:144,12
DA:145,12
DA:148,55
DA:151,51
DA:153,450
DA:156,926
DA:157,922
DA:160,926
DA:162,0
DA:163,0
DA:167,926
DA:168,3
DA:171,923
DA:172,3
DA:175,920
DA:177,920
DA:179,920
DA:180,12
DA:187,1
DA:188,1
DA:189,1
DA:193,1
DA:201,908
DA:219,4330
DA:251,1
DA:255,1
DA:264,1
LF:98
LH:91
BRDA:27,0,0,13
BRDA:27,0,1,0
BRDA:49,1,0,0
BRDA:49,1,1,0
BRDA:52,2,0,0
BRDA:52,2,1,0
BRDA:115,3,0,11
BRDA:115,3,1,15
BRDA:127,4,0,6
BRDA:127,4,1,450
BRDA:134,5,0,3
BRDA:134,5,1,447
BRDA:134,6,0,450
BRDA:134,6,1,450
BRDA:137,7,0,399
BRDA:137,7,1,51
BRDA:139,8,0,55
BRDA:139,8,1,344
BRDA:140,9,0,55
BRDA:140,9,1,0
BRDA:142,10,0,12
BRDA:142,10,1,43
BRDA:167,11,0,3
BRDA:167,11,1,923
BRDA:171,12,0,3
BRDA:171,12,1,920
BRDA:175,13,0,920
BRDA:175,13,1,0
BRDA:179,14,0,12
BRDA:179,14,1,908
BRDA:224,15,0,4330
BRDA:224,15,1,1602
BRDA:255,16,0,1
BRDA:255,16,1,0
BRF:34
BRH:26
end_of_record
TN:
SF:app\(tabs)\(quiz)\categoryhelp.tsx
FN:5,(anonymous_0)
FNF:1
FNH:1
FNDA:5,(anonymous_0)
DA:5,1
DA:6,5
DA:8,5
DA:23,1
LF:4
LH:4
BRF:0
BRH:0
end_of_record
TN:
SF:app\(tabs)\(quiz)\index.tsx
FN:9,(anonymous_0)
FN:13,(anonymous_1)
FN:29,QuizScreen
FN:87,(anonymous_3)
FN:96,(anonymous_4)
FN:100,(anonymous_5)
FN:111,(anonymous_6)
FNF:7
FNH:7
FNDA:42,(anonymous_0)
FNDA:42,(anonymous_1)
FNDA:11,QuizScreen
FNDA:6,(anonymous_3)
FNDA:5,(anonymous_4)
FNDA:1,(anonymous_5)
FNDA:77,(anonymous_6)
DA:9,1
DA:10,42
DA:13,1
DA:14,42
DA:15,42
DA:16,42
DA:19,1
DA:30,11
DA:40,11
DA:85,11
DA:87,11
DA:88,6
DA:89,6
DA:90,42
DA:91,42
DA:93,6
DA:96,11
DA:97,5
DA:100,11
DA:101,1
DA:104,11
DA:112,77
DA:137,1
LF:23
LH:23
BRDA:16,0,0,42
BRDA:16,0,1,0
BRDA:126,1,0,77
BRDA:126,1,1,41
BRDA:127,2,0,77
BRDA:127,2,1,41
BRF:6
BRH:5
end_of_record
TN:
SF:app\(tabs)\(translation)\camera.tsx
FN:31,handLandmarks
FN:42,CameraScreen
FN:64,(anonymous_2)
FN:80,(anonymous_3)
FN:84,(anonymous_4)
FN:85,(anonymous_5)
FN:92,(anonymous_6)
FN:97,(anonymous_7)
FN:106,(anonymous_8)
FN:113,(anonymous_9)
FN:120,(anonymous_10)
FN:122,(anonymous_11)
FN:133,(anonymous_12)
FN:135,(anonymous_13)
FN:147,(anonymous_14)
FN:152,(anonymous_15)
FN:153,(anonymous_16)
FN:157,(anonymous_17)
FN:161,(anonymous_18)
FN:211,(anonymous_19)
FN:215,(anonymous_20)
FN:223,(anonymous_21)
FNF:22
FNH:17
FNDA:0,handLandmarks
FNDA:789,CameraScreen
FNDA:2,(anonymous_2)
FNDA:13,(anonymous_3)
FNDA:379,(anonymous_4)
FNDA:379,(anonymous_5)
FNDA:379,(anonymous_6)
FNDA:0,(anonymous_7)
FNDA:13,(anonymous_8)
FNDA:392,(anonymous_9)
FNDA:57,(anonymous_10)
FNDA:7,(anonymous_11)
FNDA:292,(anonymous_12)
FNDA:37,(anonymous_13)
FNDA:14,(anonymous_14)
FNDA:789,(anonymous_15)
FNDA:0,(anonymous_16)
FNDA:0,(anonymous_17)
FNDA:0,(anonymous_18)
FNDA:1,(anonymous_19)
FNDA:1,(anonymous_20)
FNDA:1,(anonymous_21)
DA:19,1
DA:22,1
DA:25,1
DA:33,0
DA:34,0
DA:36,0
DA:37,0
DA:43,789
DA:44,789
DA:45,789
DA:46,789
DA:47,789
DA:48,789
DA:49,789
DA:50,789
DA:51,789
DA:52,789
DA:53,789
DA:55,789
DA:56,789
DA:57,789
DA:59,789
DA:64,789
DA:66,2
DA:67,1
DA:69,1
DA:76,1
DA:80,789
DA:82,13
DA:85,379
DA:86,379
DA:91,379
DA:93,379
DA:94,379
DA:98,0
DA:106,13
DA:107,13
DA:113,789
DA:118,392
DA:119,64
DA:120,57
DA:121,57
DA:122,7
DA:123,7
DA:124,7
DA:128,7
DA:132,328
DA:133,292
DA:134,292
DA:135,37
DA:136,37
DA:140,36
DA:144,392
DA:147,789
DA:148,14
DA:152,789
DA:153,789
DA:157,789
DA:161,0
DA:162,0
DA:166,789
DA:167,2
DA:170,787
DA:171,2
DA:174,785
DA:176,785
DA:211,1
DA:215,1
DA:223,1
DA:232,1
LF:70
LH:63
BRDA:33,0,0,0
BRDA:33,0,1,0
BRDA:36,1,0,0
BRDA:36,1,1,0
BRDA:66,2,0,1
BRDA:66,2,1,1
BRDA:118,3,0,64
BRDA:118,3,1,328
BRDA:119,4,0,57
BRDA:119,4,1,7
BRDA:121,5,0,7
BRDA:121,5,1,50
BRDA:121,6,0,57
BRDA:121,6,1,7
BRDA:132,7,0,292
BRDA:132,7,1,36
BRDA:134,8,0,37
BRDA:134,8,1,255
BRDA:166,9,0,2
BRDA:166,9,1,787
BRDA:170,10,0,2
BRDA:170,10,1,785
BRDA:174,11,0,785
BRDA:174,11,1,0
BRDA:223,12,0,1
BRDA:223,12,1,0
BRF:26
BRH:20
end_of_record
TN:
SF:app\(tabs)\(translation)\camerahelp.tsx
FN:5,(anonymous_0)
FNF:1
FNH:1
FNDA:5,(anonymous_0)
DA:5,1
DA:6,5
DA:8,5
DA:24,1
LF:4
LH:4
BRF:0
BRH:0
end_of_record
TN:
SF:app\(tabs)\(translation)\index.tsx
FN:40,IndexScreen
FN:46,(anonymous_1)
FN:47,(anonymous_2)
FN:51,(anonymous_3)
FN:52,(anonymous_4)
FN:53,(anonymous_5)
FN:56,(anonymous_6)
FN:60,(anonymous_7)
FN:80,(anonymous_8)
FN:84,(anonymous_9)
FN:109,(anonymous_10)
FNF:11
FNH:11
FNDA:41,IndexScreen
FNDA:19,(anonymous_1)
FNDA:25,(anonymous_2)
FNDA:2,(anonymous_3)
FNDA:1,(anonymous_4)
FNDA:1,(anonymous_5)
FNDA:1,(anonymous_6)
FNDA:5,(anonymous_7)
FNDA:1,(anonymous_8)
FNDA:2,(anonymous_9)
FNDA:25,(anonymous_10)
DA:11,1
DA:41,41
DA:42,41
DA:43,41
DA:44,41
DA:46,41
DA:47,25
DA:48,19
DA:51,41
DA:52,41
DA:53,41
DA:54,1
DA:56,41
DA:57,1
DA:60,41
DA:61,5
DA:62,5
DA:63,1
DA:64,1
DA:67,4
DA:70,4
DA:80,41
DA:81,1
DA:84,41
DA:85,2
DA:86,1
DA:88,1
DA:95,1
DA:99,41
DA:110,25
DA:151,1
LF:31
LH:31
BRDA:47,0,0,25
BRDA:47,0,1,3
BRDA:62,1,0,1
BRDA:62,1,1,4
BRDA:85,2,0,1
BRDA:85,2,1,1
BRDA:110,3,0,3
BRDA:110,3,1,22
BRDA:125,4,0,2
BRDA:125,4,1,39
BRDA:127,5,0,2
BRDA:127,5,1,39
BRF:12
BRH:12
end_of_record
